[0m17:00:51.718352 [debug] [MainThread]: Sending event: {'category': 'dbt', 'action': 'invocation', 'label': 'start', 'context': [<snowplow_tracker.self_describing_json.SelfDescribingJson object at 0x1066ed160>, <snowplow_tracker.self_describing_json.SelfDescribingJson object at 0x11514f390>, <snowplow_tracker.self_describing_json.SelfDescribingJson object at 0x11514f610>]}


============================== 17:00:51.720786 | e84f16ed-2074-4c4d-b507-1a06d347a9fa ==============================
[0m17:00:51.720786 [info ] [MainThread]: Running with dbt=1.12.0
[0m17:00:51.721034 [debug] [MainThread]: running dbt with arguments {'introspect': 'True', 'log_format': 'default', 'partial_parse': 'True', 'indirect_selection': 'eager', 'target_path': 'None', 'empty': 'None', 'debug': 'False', 'write_json': 'True', 'maximum_seed_size_mib': '1', 'static_parser': 'True', 'send_anonymous_usage_stats': 'True', 'hints_enabled': 'True', 'no_print': 'None', 'log_path': 'logs', 'warn_error_options': 'WarnErrorOptionsV2(error=[], warn=[], silence=[])', 'warn_error': 'None', 'profiles_dir': '/Users/matoxki/.dbt', 'quiet': 'False', 'invocation_command': 'dbt init vienna_transforms', 'log_cache_events': 'False', 'printer_width': '80', 'cache_selected_only': 'False', 'use_experimental_parser': 'False', 'fail_fast': 'False', 'use_colors': 'True', 'version_check': 'True'}
[0m17:00:51.729537 [debug] [MainThread]: Starter project path: /Users/matoxki/Documents/vienna_transit_pipeline/venv/lib/python3.13/site-packages/dbt/include/starter_project
[0m17:00:51.732920 [info ] [MainThread]: Setting up your profile.
[0m17:02:20.255681 [info ] [MainThread]: Profile vienna_transforms written to /Users/matoxki/.dbt/profiles.yml using target's profile_template.yml and your supplied values.
[0m17:02:20.257455 [info ] [MainThread]: Running dbt debug to validate the project...
[0m17:02:20.257834 [info ] [MainThread]: dbt version: 1.12.0
[0m17:02:20.257987 [info ] [MainThread]: python version: 3.13.12
[0m17:02:20.258116 [info ] [MainThread]: python path: /Users/matoxki/Documents/vienna_transit_pipeline/venv/bin/python3
[0m17:02:20.258353 [info ] [MainThread]: os info: macOS-26.5.2-arm64-arm-64bit-Mach-O
[0m17:02:20.286517 [info ] [MainThread]: Using profiles dir at /Users/matoxki/.dbt
[0m17:02:20.286759 [info ] [MainThread]: Using profiles.yml file at /Users/matoxki/.dbt/profiles.yml
[0m17:02:20.286888 [info ] [MainThread]: Using dbt_project.yml file at /Users/matoxki/Documents/vienna_transit_pipeline/vienna_transforms/dbt_project.yml
[0m17:02:20.287001 [info ] [MainThread]: adapter type: bigquery
[0m17:02:20.287108 [info ] [MainThread]: adapter version: 1.12.0
[0m17:02:20.322807 [info ] [MainThread]: Configuration:
[0m17:02:20.323024 [info ] [MainThread]:   profiles.yml file [[32mOK found and valid[0m]
[0m17:02:20.323135 [info ] [MainThread]:   dbt_project.yml file [[32mOK found and valid[0m]
[0m17:02:20.323235 [info ] [MainThread]: Required dependencies:
[0m17:02:20.323425 [debug] [MainThread]: Executing "git --help"
[0m17:02:20.337588 [debug] [MainThread]: STDOUT: "b"usage: git [-v | --version] [-h | --help] [-C <path>] [-c <name>=<value>]\n           [--exec-path[=<path>]] [--html-path] [--man-path] [--info-path]\n           [-p | --paginate | -P | --no-pager] [--no-replace-objects] [--no-lazy-fetch]\n           [--no-optional-locks] [--no-advice] [--bare] [--git-dir=<path>]\n           [--work-tree=<path>] [--namespace=<name>] [--config-env=<name>=<envvar>]\n           <command> [<args>]\n\nThese are common Git commands used in various situations:\n\nstart a working area (see also: git help tutorial)\n   clone      Clone a repository into a new directory\n   init       Create an empty Git repository or reinitialize an existing one\n\nwork on the current change (see also: git help everyday)\n   add        Add file contents to the index\n   mv         Move or rename a file, a directory, or a symlink\n   restore    Restore working tree files\n   rm         Remove files from the working tree and from the index\n\nexamine the history and state (see also: git help revisions)\n   bisect     Use binary search to find the commit that introduced a bug\n   diff       Show changes between commits, commit and working tree, etc\n   grep       Print lines matching a pattern\n   log        Show commit logs\n   show       Show various types of objects\n   status     Show the working tree status\n\ngrow, mark and tweak your common history\n   backfill   Download missing objects in a partial clone\n   branch     List, create, or delete branches\n   commit     Record changes to the repository\n   merge      Join two or more development histories together\n   rebase     Reapply commits on top of another base tip\n   reset      Reset current HEAD to the specified state\n   switch     Switch branches\n   tag        Create, list, delete or verify a tag object signed with GPG\n\ncollaborate (see also: git help workflows)\n   fetch      Download objects and refs from another repository\n   pull       Fetch from and integrate with another repository or a local branch\n   push       Update remote refs along with associated objects\n\n'git help -a' and 'git help -g' list available subcommands and some\nconcept guides. See 'git help <command>' or 'git help <concept>'\nto read about a specific subcommand or concept.\nSee 'git help git' for an overview of the system.\n""
[0m17:02:20.338095 [debug] [MainThread]: STDERR: "b''"
[0m17:02:20.338229 [info ] [MainThread]:  - git [[32mOK found[0m]

[0m17:02:20.338359 [info ] [MainThread]: Connection:
[0m17:02:20.338524 [info ] [MainThread]:   method: service-account
[0m17:02:20.338624 [info ] [MainThread]:   database: data-eng-portfolio-1
[0m17:02:20.338723 [info ] [MainThread]:   execution_project: data-eng-portfolio-1
[0m17:02:20.338814 [info ] [MainThread]:   schema: dbt_staging
[0m17:02:20.338905 [info ] [MainThread]:   location: EU
[0m17:02:20.338999 [info ] [MainThread]:   priority: interactive
[0m17:02:20.339087 [info ] [MainThread]:   maximum_bytes_billed: None
[0m17:02:20.339174 [info ] [MainThread]:   reservation: None
[0m17:02:20.339264 [info ] [MainThread]:   impersonate_service_account: None
[0m17:02:20.339353 [info ] [MainThread]:   job_retry_deadline_seconds: None
[0m17:02:20.339444 [info ] [MainThread]:   job_retries: 1
[0m17:02:20.339534 [info ] [MainThread]:   job_creation_timeout_seconds: None
[0m17:02:20.339621 [info ] [MainThread]:   job_execution_timeout_seconds: 300
[0m17:02:20.339711 [info ] [MainThread]:   job_link_info_level_log: False
[0m17:02:20.339799 [info ] [MainThread]:   timeout_seconds: 300
[0m17:02:20.339887 [info ] [MainThread]:   client_id: None
[0m17:02:20.339974 [info ] [MainThread]:   token_uri: None
[0m17:02:20.340057 [info ] [MainThread]:   compute_region: None
[0m17:02:20.340154 [info ] [MainThread]:   dataproc_cluster_name: None
[0m17:02:20.340340 [info ] [MainThread]:   gcs_bucket: None
[0m17:02:20.340549 [info ] [MainThread]:   dataproc_batch: None
[0m17:02:20.340864 [info ] [MainThread]: Registered adapter: bigquery=1.12.0
[0m17:02:20.401257 [debug] [MainThread]: Acquiring new bigquery connection 'debug'
[0m17:02:20.401540 [debug] [MainThread]: On debug: select 1 as id
[0m17:02:20.401705 [debug] [MainThread]: Opening a new connection, currently in state init
[0m17:02:22.381716 [debug] [MainThread]: BigQuery adapter: https://console.cloud.google.com/bigquery?project=data-eng-portfolio-1&j=bq:EU:13ae3513-32ff-4537-a03f-54a9b14d125c&page=queryresults
[0m17:02:22.688585 [debug] [MainThread]: SQL status: OK in 0.306 seconds
[0m17:02:22.925090 [info ] [MainThread]:   Connection test: [[32mOK connection ok[0m]

[0m17:02:22.925639 [info ] [MainThread]: [32mAll checks passed![0m
[0m17:02:22.926184 [info ] [MainThread]: Your new dbt project "vienna_transforms" was created!
Initialized new project in /Users/matoxki/Documents/vienna_transit_pipeline/vienna_transforms/vienna_transforms

For more information on how to configure the profiles.yml file,
please consult the dbt documentation here:

  https://docs.getdbt.com/docs/configure-your-profile

One more thing:

Need help? Don't hesitate to reach out to us via GitHub issues or on Slack:

  https://community.getdbt.com/

Happy modeling!

[0m17:02:22.944879 [debug] [MainThread]: Resource report: {"command_name": "init", "command_success": true, "command_wall_clock_time": 91.266624, "process_in_blocks": "0", "process_kernel_time": 0.289829, "process_mem_max_rss": "247382016", "process_out_blocks": "0", "process_user_time": 0.987511}
[0m17:02:22.945482 [debug] [MainThread]: Command `dbt init` succeeded at 17:02:22.945384 after 91.27 seconds
[0m17:02:22.945848 [debug] [MainThread]: Connection 'debug' was properly closed.
[0m17:02:22.946208 [debug] [MainThread]: Sending event: {'category': 'dbt', 'action': 'invocation', 'label': 'end', 'context': [<snowplow_tracker.self_describing_json.SelfDescribingJson object at 0x1423d8050>, <snowplow_tracker.self_describing_json.SelfDescribingJson object at 0x1151a1a30>, <snowplow_tracker.self_describing_json.SelfDescribingJson object at 0x141499040>]}
[0m17:02:22.946447 [debug] [MainThread]: Flushing usage events
[0m17:02:23.598738 [debug] [MainThread]: An error was encountered while trying to flush usage events
[0m18:22:42.070710 [debug] [MainThread]: Sending event: {'category': 'dbt', 'action': 'invocation', 'label': 'start', 'context': [<snowplow_tracker.self_describing_json.SelfDescribingJson object at 0x108bf1160>, <snowplow_tracker.self_describing_json.SelfDescribingJson object at 0x10a9b7390>, <snowplow_tracker.self_describing_json.SelfDescribingJson object at 0x10a9b7750>]}


============================== 18:22:42.073397 | dbc5c120-1a73-4092-bffc-028aff4c1e1d ==============================
[0m18:22:42.073397 [info ] [MainThread]: Running with dbt=1.12.0
[0m18:22:42.073687 [debug] [MainThread]: running dbt with arguments {'quiet': 'False', 'empty': 'False', 'maximum_seed_size_mib': '1', 'version_check': 'True', 'log_format': 'default', 'write_json': 'True', 'target_path': 'None', 'log_cache_events': 'False', 'use_colors': 'True', 'cache_selected_only': 'False', 'warn_error_options': 'WarnErrorOptionsV2(error=[], warn=[], silence=[])', 'static_parser': 'True', 'profiles_dir': '/Users/matoxki/.dbt', 'no_print': 'None', 'use_experimental_parser': 'False', 'partial_parse': 'True', 'debug': 'False', 'indirect_selection': 'eager', 'send_anonymous_usage_stats': 'True', 'fail_fast': 'False', 'warn_error': 'None', 'invocation_command': 'dbt run', 'hints_enabled': 'True', 'introspect': 'True', 'printer_width': '80', 'log_path': 'logs'}
[0m18:22:42.073936 [error] [MainThread]: [[31mERROR[0m]: Encountered an error:
Runtime Error
  No dbt_project.yml found at expected path /Users/matoxki/Documents/vienna_transit_pipeline/dbt_project.yml
  Verify that each entry within packages.yml (and their transitive dependencies) contains a file named dbt_project.yml
  
[0m18:22:42.075764 [debug] [MainThread]: Resource report: {"command_name": "run", "command_success": false, "command_wall_clock_time": 0.04261942, "process_in_blocks": "0", "process_kernel_time": 0.143376, "process_mem_max_rss": "127025152", "process_out_blocks": "0", "process_user_time": 0.527709}
[0m18:22:42.075953 [debug] [MainThread]: Command `dbt run` failed at 18:22:42.075914 after 0.04 seconds
[0m18:22:42.076078 [debug] [MainThread]: Sending event: {'category': 'dbt', 'action': 'invocation', 'label': 'end', 'context': [<snowplow_tracker.self_describing_json.SelfDescribingJson object at 0x10aa3c510>, <snowplow_tracker.self_describing_json.SelfDescribingJson object at 0x10aa01a30>, <snowplow_tracker.self_describing_json.SelfDescribingJson object at 0x10aa09480>]}
[0m18:22:42.076191 [debug] [MainThread]: Flushing usage events
[0m18:22:42.680386 [debug] [MainThread]: An error was encountered while trying to flush usage events
